<?xml version="1.0" encoding="UTF-8"?>
<!-- Generated by org.testng.reporters.JUnitReportReporter -->
<testsuite hostname="SriHari-PC" failures="0" tests="1" name="Recrutment.candidate" time="26.356" errors="0" timestamp="16 Nov 2021 04:33:09 GMT" skipped="0">
  <testcase classname="Recrutment.candidate" name="test" time="26.356"/>
</testsuite> <!-- Recrutment.candidate -->
